2024-01-17T09:25:00.238485Z  INFO burn_train::learner::train_val: Fitting Model[num_params=13546]    
2024-01-17T09:25:00.238809Z  INFO burn_train::learner::epoch: Executing training step for epoch 1    
2024-01-17T09:25:00.442178Z  INFO burn_train::learner::epoch: Iteration 1    
2024-01-17T09:25:00.475308Z ERROR burn_train::learner::log: PANIC => panicked at /Users/hangyeonghyeon/.cargo/registry/src/index.crates.io-6f17d22bba15001f/burn-tensor-0.11.1/src/tensor/api/float.rs:179:9:
=== Tensor Operation Error ===
  Operation: 'Matmul'
  Reason:
    1. The inner dimension of matmul should be the same, but got 1024 and 1. Lhs shape [64, 1024], rhs shape [1, 1024]. 
    
2024-01-17T09:25:27.925814Z  INFO burn_train::learner::train_val: Fitting Model[num_params=13546]    
2024-01-17T09:25:27.926115Z  INFO burn_train::learner::epoch: Executing training step for epoch 1    
2024-01-17T09:25:28.140348Z  INFO burn_train::learner::epoch: Iteration 1    
2024-01-17T09:25:28.177326Z ERROR burn_train::learner::log: PANIC => panicked at /Users/hangyeonghyeon/.cargo/registry/src/index.crates.io-6f17d22bba15001f/burn-tensor-0.11.1/src/tensor/api/float.rs:179:9:
=== Tensor Operation Error ===
  Operation: 'Matmul'
  Reason:
    1. The inner dimension of matmul should be the same, but got 1024 and 1. Lhs shape [64, 1024], rhs shape [1, 1024]. 
    
2024-01-17T09:27:04.606551Z  INFO burn_train::learner::train_val: Fitting Model[num_params=1061098]    
2024-01-17T09:27:04.606852Z  INFO burn_train::learner::epoch: Executing training step for epoch 1    
2024-01-17T09:27:04.820414Z  INFO burn_train::learner::epoch: Iteration 1    
2024-01-17T09:27:05.824830Z  INFO burn_compute::tune::tuner: Benchmark result burn_wgpu::kernel::matmul::tune::base::MemoryCoalescingMatmulDefault<f32, 2>-Matmul - Round:true Broadcast:false m:64 k:1024 n:1024 batch:1 => 
―――――――― Result ―――――――――
  Samples     10
  Mean        7.976ms
  Variance    9.284µs
  Median      7.717ms
  Min         3.420ms
  Max         14.355ms
―――――――――――――――――――――――――    
2024-01-17T09:27:05.824951Z  INFO burn_compute::tune::tuner: Benchmark result burn_wgpu::kernel::matmul::tune::base::MemoryCoalescingMatmulW16x16<f32, 2>-Matmul - Round:true Broadcast:false m:64 k:1024 n:1024 batch:1 => 
―――――――― Result ―――――――――
  Samples     10
  Mean        14.486ms
  Variance    12.469µs
  Median      16.558ms
  Min         7.644ms
  Max         17.503ms
―――――――――――――――――――――――――    
2024-01-17T09:27:05.824988Z  INFO burn_compute::tune::tuner: Benchmark result burn_wgpu::kernel::matmul::tune::base::Vec4TilingMatmulDefault<f32, 2>-Matmul - Round:true Broadcast:false m:64 k:1024 n:1024 batch:1 => 
―――――――― Result ―――――――――
  Samples     10
  Mean        10.460ms
  Variance    10.804µs
  Median      12.103ms
  Min         3.579ms
  Max         14.246ms
―――――――――――――――――――――――――    
2024-01-17T09:27:05.825024Z  INFO burn_compute::tune::tuner: Benchmark result burn_wgpu::kernel::matmul::tune::base::Vec4TilingMatmulUnpaddedDefault<f32, 2>-Matmul - Round:true Broadcast:false m:64 k:1024 n:1024 batch:1 => 
―――――――― Result ―――――――――
  Samples     10
  Mean        10.730ms
  Variance    15.550µs
  Median      8.085ms
  Min         7.266ms
  Max         17.199ms
―――――――――――――――――――――――――    
2024-01-17T09:27:05.825057Z  INFO burn_compute::tune::tuner: Benchmark result burn_wgpu::kernel::matmul::tune::base::Vec4LhsOnlyTilingMatmulDefault<f32, 2>-Matmul - Round:true Broadcast:false m:64 k:1024 n:1024 batch:1 => 
―――――――― Result ―――――――――
  Samples     10
  Mean        8.977ms
  Variance    21.242µs
  Median      10.505ms
  Min         2.834ms
  Max         14.492ms
―――――――――――――――――――――――――    
2024-01-17T09:27:05.825130Z  INFO burn_compute::tune::tuner: Fastest result burn_wgpu::kernel::matmul::tune::base::MemoryCoalescingMatmulDefault<f32, 2>-Matmul - Round:true Broadcast:false m:64 k:1024 n:1024 batch:1    
2024-01-17T09:27:06.699426Z  INFO burn_compute::tune::tuner: Benchmark result burn_wgpu::kernel::matmul::tune::base::MemoryCoalescingMatmulDefault<f32, 2>-Matmul - Round:false Broadcast:false m:64 k:1024 n:16 batch:1 => 
―――――――― Result ―――――――――
  Samples     10
  Mean        8.049ms
  Variance    30.127µs
  Median      7.569ms
  Min         2.148ms
  Max         16.575ms
―――――――――――――――――――――――――    
2024-01-17T09:27:06.699502Z  INFO burn_compute::tune::tuner: Benchmark result burn_wgpu::kernel::matmul::tune::base::MemoryCoalescingMatmulW16x16<f32, 2>-Matmul - Round:false Broadcast:false m:64 k:1024 n:16 batch:1 => 
―――――――― Result ―――――――――
  Samples     10
  Mean        8.944ms
  Variance    20.135µs
  Median      8.641ms
  Min         1.997ms
  Max         17.337ms
―――――――――――――――――――――――――    
2024-01-17T09:27:06.699521Z  INFO burn_compute::tune::tuner: Benchmark result burn_wgpu::kernel::matmul::tune::base::Vec4TilingMatmulDefault<f32, 2>-Matmul - Round:false Broadcast:false m:64 k:1024 n:16 batch:1 => 
―――――――― Result ―――――――――
  Samples     10
  Mean        10.821ms
  Variance    24.326µs
  Median      12.358ms
  Min         3.319ms
  Max         18.008ms
―――――――――――――――――――――――――    
2024-01-17T09:27:06.699539Z  INFO burn_compute::tune::tuner: Benchmark result burn_wgpu::kernel::matmul::tune::base::Vec4TilingMatmulUnpaddedDefault<f32, 2>-Matmul - Round:false Broadcast:false m:64 k:1024 n:16 batch:1 => 
―――――――― Result ―――――――――
  Samples     10
  Mean        6.389ms
  Variance    20.847µs
  Median      6.261ms
  Min         2.020ms
  Max         13.944ms
―――――――――――――――――――――――――    
2024-01-17T09:27:06.699554Z  INFO burn_compute::tune::tuner: Benchmark result burn_wgpu::kernel::matmul::tune::base::Vec4LhsOnlyTilingMatmulDefault<f32, 2>-Matmul - Round:false Broadcast:false m:64 k:1024 n:16 batch:1 => 
―――――――― Result ―――――――――
  Samples     10
  Mean        7.416ms
  Variance    26.241µs
  Median      4.539ms
  Min         3.037ms
  Max         16.149ms
―――――――――――――――――――――――――    
2024-01-17T09:27:06.699580Z  INFO burn_compute::tune::tuner: Fastest result burn_wgpu::kernel::matmul::tune::base::Vec4LhsOnlyTilingMatmulDefault<f32, 2>-Matmul - Round:false Broadcast:false m:64 k:1024 n:16 batch:1    
2024-01-17T09:27:06.778601Z  INFO burn_compute::tune::tuner: Benchmark result burn_wgpu::kernel::reduce::tune::sum_dim::SumDimAutotune<f32, 2>-Reduce - reduce_dim_length: 16 others_product: 64 => 
―――――――― Result ―――――――――
  Samples     10
  Mean        1.975ms
  Variance    136.000ns
  Median      1.866ms
  Min         1.741ms
  Max         3.072ms
―――――――――――――――――――――――――    
2024-01-17T09:27:06.778647Z  INFO burn_compute::tune::tuner: Benchmark result burn_wgpu::kernel::reduce::tune::sum_dim::SumDimSharedMemoryAutotune<f32, 2>-Reduce - reduce_dim_length: 16 others_product: 64 => 
―――――――― Result ―――――――――
  Samples     10
  Mean        1.848ms
  Variance    2.000ns
  Median      1.862ms
  Min         1.764ms
  Max         1.928ms
―――――――――――――――――――――――――    
2024-01-17T09:27:06.778671Z  INFO burn_compute::tune::tuner: Fastest result burn_wgpu::kernel::reduce::tune::sum_dim::SumDimSharedMemoryAutotune<f32, 2>-Reduce - reduce_dim_length: 16 others_product: 64    
2024-01-17T09:27:06.852724Z  INFO burn_compute::tune::tuner: Benchmark result burn_wgpu::kernel::reduce::tune::sum_dim::SumDimAutotune<f32, 2>-Reduce - reduce_dim_length: 1 others_product: 64 => 
―――――――― Result ―――――――――
  Samples     10
  Mean        2.003ms
  Variance    156.000ns
  Median      1.890ms
  Min         1.778ms
  Max         3.172ms
―――――――――――――――――――――――――    
2024-01-17T09:27:06.852788Z  INFO burn_compute::tune::tuner: Benchmark result burn_wgpu::kernel::reduce::tune::sum_dim::SumDimSharedMemoryAutotune<f32, 2>-Reduce - reduce_dim_length: 1 others_product: 64 => 
―――――――― Result ―――――――――
  Samples     10
  Mean        2.020ms
  Variance    131.000ns
  Median      1.941ms
  Min         1.761ms
  Max         3.071ms
―――――――――――――――――――――――――    
2024-01-17T09:27:06.852815Z  INFO burn_compute::tune::tuner: Fastest result burn_wgpu::kernel::reduce::tune::sum_dim::SumDimAutotune<f32, 2>-Reduce - reduce_dim_length: 1 others_product: 64    
2024-01-17T09:27:06.919764Z  INFO burn_compute::tune::tuner: Benchmark result burn_wgpu::kernel::reduce::tune::sum_dim::SumDimAutotune<f32, 2>-Reduce - reduce_dim_length: 64 others_product: 16 => 
―――――――― Result ―――――――――
  Samples     10
  Mean        1.902ms
  Variance    8.000ns
  Median      1.917ms
  Min         1.774ms
  Max         2.059ms
―――――――――――――――――――――――――    
2024-01-17T09:27:06.919808Z  INFO burn_compute::tune::tuner: Benchmark result burn_wgpu::kernel::reduce::tune::sum_dim::SumDimSharedMemoryAutotune<f32, 2>-Reduce - reduce_dim_length: 64 others_product: 16 => 
―――――――― Result ―――――――――
  Samples     10
  Mean        2.069ms
  Variance    71.000ns
  Median      1.958ms
  Min         1.847ms
  Max         2.741ms
―――――――――――――――――――――――――    
2024-01-17T09:27:06.919832Z  INFO burn_compute::tune::tuner: Fastest result burn_wgpu::kernel::reduce::tune::sum_dim::SumDimAutotune<f32, 2>-Reduce - reduce_dim_length: 64 others_product: 16    
2024-01-17T09:27:07.088711Z  INFO burn_compute::tune::tuner: Benchmark result burn_wgpu::kernel::matmul::tune::base::MemoryCoalescingMatmulDefault<f32, 2>-Matmul - Round:false Broadcast:false m:64 k:16 n:1024 batch:1 => 
―――――――― Result ―――――――――
  Samples     10
  Mean        2.056ms
  Variance    13.000ns
  Median      2.066ms
  Min         1.829ms
  Max         2.210ms
―――――――――――――――――――――――――    
2024-01-17T09:27:07.088781Z  INFO burn_compute::tune::tuner: Benchmark result burn_wgpu::kernel::matmul::tune::base::MemoryCoalescingMatmulW16x16<f32, 2>-Matmul - Round:false Broadcast:false m:64 k:16 n:1024 batch:1 => 
―――――――― Result ―――――――――
  Samples     10
  Mean        1.996ms
  Variance    12.000ns
  Median      1.993ms
  Min         1.809ms
  Max         2.185ms
―――――――――――――――――――――――――    
2024-01-17T09:27:07.088803Z  INFO burn_compute::tune::tuner: Benchmark result burn_wgpu::kernel::matmul::tune::base::Vec4TilingMatmulDefault<f32, 2>-Matmul - Round:false Broadcast:false m:64 k:16 n:1024 batch:1 => 
―――――――― Result ―――――――――
  Samples     10
  Mean        3.960ms
  Variance    520.000ns
  Median      4.305ms
  Min         3.010ms
  Max         5.244ms
―――――――――――――――――――――――――    
2024-01-17T09:27:07.088823Z  INFO burn_compute::tune::tuner: Benchmark result burn_wgpu::kernel::matmul::tune::base::Vec4TilingMatmulUnpaddedDefault<f32, 2>-Matmul - Round:false Broadcast:false m:64 k:16 n:1024 batch:1 => 
―――――――― Result ―――――――――
  Samples     10
  Mean        1.785ms
  Variance    0.000ns
  Median      1.784ms
  Min         1.766ms
  Max         1.808ms
―――――――――――――――――――――――――    
2024-01-17T09:27:07.088852Z  INFO burn_compute::tune::tuner: Benchmark result burn_wgpu::kernel::matmul::tune::base::Vec4LhsOnlyTilingMatmulDefault<f32, 2>-Matmul - Round:false Broadcast:false m:64 k:16 n:1024 batch:1 => 
―――――――― Result ―――――――――
  Samples     10
  Mean        2.323ms
  Variance    0.000ns
  Median      2.331ms
  Min         2.282ms
  Max         2.355ms
―――――――――――――――――――――――――    
2024-01-17T09:27:07.088877Z  INFO burn_compute::tune::tuner: Fastest result burn_wgpu::kernel::matmul::tune::base::Vec4TilingMatmulUnpaddedDefault<f32, 2>-Matmul - Round:false Broadcast:false m:64 k:16 n:1024 batch:1    
2024-01-17T09:27:07.197868Z  INFO burn_compute::tune::tuner: Benchmark result burn_wgpu::kernel::matmul::tune::base::MemoryCoalescingMatmulDefault<f32, 2>-Matmul - Round:false Broadcast:false m:1024 k:64 n:16 batch:1 => 
―――――――― Result ―――――――――
  Samples     10
  Mean        1.772ms
  Variance    141.000ns
  Median      1.648ms
  Min         1.635ms
  Max         2.898ms
―――――――――――――――――――――――――    
2024-01-17T09:27:07.197920Z  INFO burn_compute::tune::tuner: Benchmark result burn_wgpu::kernel::matmul::tune::base::MemoryCoalescingMatmulW16x16<f32, 2>-Matmul - Round:false Broadcast:false m:1024 k:64 n:16 batch:1 => 
―――――――― Result ―――――――――
  Samples     10
  Mean        1.773ms
  Variance    145.000ns
  Median      1.652ms
  Min         1.631ms
  Max         2.918ms
―――――――――――――――――――――――――    
2024-01-17T09:27:07.197940Z  INFO burn_compute::tune::tuner: Benchmark result burn_wgpu::kernel::matmul::tune::base::Vec4TilingMatmulDefault<f32, 2>-Matmul - Round:false Broadcast:false m:1024 k:64 n:16 batch:1 => 
―――――――― Result ―――――――――
  Samples     10
  Mean        2.222ms
  Variance    143.000ns
  Median      2.104ms
  Min         2.070ms
  Max         3.357ms
―――――――――――――――――――――――――    
2024-01-17T09:27:07.197956Z  INFO burn_compute::tune::tuner: Benchmark result burn_wgpu::kernel::matmul::tune::base::Vec4TilingMatmulUnpaddedDefault<f32, 2>-Matmul - Round:false Broadcast:false m:1024 k:64 n:16 batch:1 => 
―――――――― Result ―――――――――
  Samples     10
  Mean        1.788ms
  Variance    143.000ns
  Median      1.680ms
  Min         1.632ms
  Max         2.924ms
―――――――――――――――――――――――――    
2024-01-17T09:27:07.197971Z  INFO burn_compute::tune::tuner: Benchmark result burn_wgpu::kernel::matmul::tune::base::Vec4LhsOnlyTilingMatmulDefault<f32, 2>-Matmul - Round:false Broadcast:false m:1024 k:64 n:16 batch:1 => 
―――――――― Result ―――――――――
  Samples     10
  Mean        2.175ms
  Variance    144.000ns
  Median      2.046ms
  Min         2.022ms
  Max         3.311ms
―――――――――――――――――――――――――    
2024-01-17T09:27:07.197994Z  INFO burn_compute::tune::tuner: Fastest result burn_wgpu::kernel::matmul::tune::base::MemoryCoalescingMatmulDefault<f32, 2>-Matmul - Round:false Broadcast:false m:1024 k:64 n:16 batch:1    
2024-01-17T09:27:07.256107Z  INFO burn_compute::tune::tuner: Benchmark result burn_wgpu::kernel::reduce::tune::sum_dim::SumDimAutotune<f32, 2>-Reduce - reduce_dim_length: 64 others_product: 1024 => 
―――――――― Result ―――――――――
  Samples     10
  Mean        1.768ms
  Variance    140.000ns
  Median      1.651ms
  Min         1.624ms
  Max         2.890ms
―――――――――――――――――――――――――    
2024-01-17T09:27:07.256157Z  INFO burn_compute::tune::tuner: Benchmark result burn_wgpu::kernel::reduce::tune::sum_dim::SumDimSharedMemoryAutotune<f32, 2>-Reduce - reduce_dim_length: 64 others_product: 1024 => 
―――――――― Result ―――――――――
  Samples     10
  Mean        2.895ms
  Variance    319.000ns
  Median      2.902ms
  Min         1.623ms
  Max         4.150ms
―――――――――――――――――――――――――    
2024-01-17T09:27:07.256206Z  INFO burn_compute::tune::tuner: Fastest result burn_wgpu::kernel::reduce::tune::sum_dim::SumDimAutotune<f32, 2>-Reduce - reduce_dim_length: 64 others_product: 1024    
2024-01-17T09:27:07.424962Z  INFO burn_compute::tune::tuner: Benchmark result burn_wgpu::kernel::matmul::tune::base::MemoryCoalescingMatmulDefault<f32, 2>-Matmul - Round:true Broadcast:false m:1024 k:64 n:1024 batch:1 => 
―――――――― Result ―――――――――
  Samples     10
  Mean        3.091ms
  Variance    145.000ns
  Median      2.971ms
  Min         2.938ms
  Max         4.235ms
―――――――――――――――――――――――――    
2024-01-17T09:27:07.425043Z  INFO burn_compute::tune::tuner: Benchmark result burn_wgpu::kernel::matmul::tune::base::MemoryCoalescingMatmulW16x16<f32, 2>-Matmul - Round:true Broadcast:false m:1024 k:64 n:1024 batch:1 => 
―――――――― Result ―――――――――
  Samples     10
  Mean        3.274ms
  Variance    250.000ns
  Median      3.023ms
  Min         2.993ms
  Max         4.280ms
―――――――――――――――――――――――――    
2024-01-17T09:27:07.425077Z  INFO burn_compute::tune::tuner: Benchmark result burn_wgpu::kernel::matmul::tune::base::Vec4TilingMatmulDefault<f32, 2>-Matmul - Round:true Broadcast:false m:1024 k:64 n:1024 batch:1 => 
―――――――― Result ―――――――――
  Samples     10
  Mean        2.472ms
  Variance    330.000ns
  Median      2.119ms
  Min         2.066ms
  Max         3.363ms
―――――――――――――――――――――――――    
2024-01-17T09:27:07.425106Z  INFO burn_compute::tune::tuner: Benchmark result burn_wgpu::kernel::matmul::tune::base::Vec4TilingMatmulUnpaddedDefault<f32, 2>-Matmul - Round:true Broadcast:false m:1024 k:64 n:1024 batch:1 => 
―――――――― Result ―――――――――
  Samples     10
  Mean        2.224ms
  Variance    648.000ns
  Median      1.840ms
  Min         1.812ms
  Max         4.352ms
―――――――――――――――――――――――――    
2024-01-17T09:27:07.425135Z  INFO burn_compute::tune::tuner: Benchmark result burn_wgpu::kernel::matmul::tune::base::Vec4LhsOnlyTilingMatmulDefault<f32, 2>-Matmul - Round:true Broadcast:false m:1024 k:64 n:1024 batch:1 => 
―――――――― Result ―――――――――
  Samples     10
  Mean        3.525ms
  Variance    320.000ns
  Median      3.536ms
  Min         2.241ms
  Max         4.771ms
―――――――――――――――――――――――――    
2024-01-17T09:27:07.425178Z  INFO burn_compute::tune::tuner: Fastest result burn_wgpu::kernel::matmul::tune::base::Vec4TilingMatmulUnpaddedDefault<f32, 2>-Matmul - Round:true Broadcast:false m:1024 k:64 n:1024 batch:1    
2024-01-17T09:27:09.324985Z  INFO burn_compute::tune::tuner: Benchmark result burn_wgpu::kernel::reduce::tune::sum_dim::SumDimAutotune<f32, 2>-Reduce - reduce_dim_length: 1048576 others_product: 16 => 
―――――――― Result ―――――――――
  Samples     10
  Mean        131.971ms
  Variance    1.412µs
  Median      132.501ms
  Min         130.214ms
  Max         133.588ms
―――――――――――――――――――――――――    
2024-01-17T09:27:09.325080Z  INFO burn_compute::tune::tuner: Benchmark result burn_wgpu::kernel::reduce::tune::sum_dim::SumDimSharedMemoryAutotune<f32, 2>-Reduce - reduce_dim_length: 1048576 others_product: 16 => 
―――――――― Result ―――――――――
  Samples     10
  Mean        2.509ms
  Variance    136.000ns
  Median      2.639ms
  Min         2.012ms
  Max         3.295ms
―――――――――――――――――――――――――    
2024-01-17T09:27:09.325146Z  INFO burn_compute::tune::tuner: Fastest result burn_wgpu::kernel::reduce::tune::sum_dim::SumDimSharedMemoryAutotune<f32, 2>-Reduce - reduce_dim_length: 1048576 others_product: 16    
2024-01-17T09:27:10.573020Z  INFO burn_compute::tune::tuner: Benchmark result burn_wgpu::kernel::reduce::tune::sum_dim::SumDimAutotune<f32, 2>-Reduce - reduce_dim_length: 1048576 others_product: 8 => 
―――――――― Result ―――――――――
  Samples     10
  Mean        95.052ms
  Variance    1.753µs
  Median      95.284ms
  Min         92.621ms
  Max         96.632ms
―――――――――――――――――――――――――    
2024-01-17T09:27:10.573170Z  INFO burn_compute::tune::tuner: Benchmark result burn_wgpu::kernel::reduce::tune::sum_dim::SumDimSharedMemoryAutotune<f32, 2>-Reduce - reduce_dim_length: 1048576 others_product: 8 => 
―――――――― Result ―――――――――
  Samples     10
  Mean        2.608ms
  Variance    311.000ns
  Median      2.322ms
  Min         2.171ms
  Max         3.997ms
―――――――――――――――――――――――――    
2024-01-17T09:27:10.573245Z  INFO burn_compute::tune::tuner: Fastest result burn_wgpu::kernel::reduce::tune::sum_dim::SumDimSharedMemoryAutotune<f32, 2>-Reduce - reduce_dim_length: 1048576 others_product: 8    
2024-01-17T09:27:10.617419Z  INFO burn_train::learner::epoch: Iteration 2    
2024-01-17T09:27:11.240001Z  INFO burn_train::learner::epoch: Iteration 3    
2024-01-17T09:27:11.915500Z  INFO burn_train::learner::epoch: Iteration 4    
2024-01-17T09:27:12.711247Z  INFO burn_train::learner::epoch: Iteration 5    
2024-01-17T09:27:13.461647Z  INFO burn_train::learner::epoch: Iteration 6    
2024-01-17T09:27:14.224504Z  INFO burn_train::learner::epoch: Iteration 7    
2024-01-17T09:27:14.971290Z  INFO burn_train::learner::epoch: Iteration 8    
2024-01-17T09:27:15.720001Z  INFO burn_train::learner::epoch: Iteration 9    
2024-01-17T09:27:16.467358Z  INFO burn_train::learner::epoch: Iteration 10    
2024-01-17T09:27:17.244842Z  INFO burn_train::learner::epoch: Iteration 11    
2024-01-17T09:27:17.991274Z  INFO burn_train::learner::epoch: Iteration 12    
2024-01-17T09:27:18.745565Z  INFO burn_train::learner::epoch: Iteration 13    
2024-01-17T09:27:19.496374Z  INFO burn_train::learner::epoch: Iteration 14    
2024-01-17T09:27:20.246544Z  INFO burn_train::learner::epoch: Iteration 15    
2024-01-17T09:27:20.999609Z  INFO burn_train::learner::epoch: Iteration 16    
2024-01-17T09:27:21.728976Z  INFO burn_train::learner::epoch: Iteration 17    
2024-01-17T09:27:22.490136Z  INFO burn_train::learner::epoch: Iteration 18    
2024-01-17T09:27:23.235465Z  INFO burn_train::learner::epoch: Iteration 19    
2024-01-17T09:27:23.977613Z  INFO burn_train::learner::epoch: Iteration 20    
2024-01-17T09:27:24.723961Z  INFO burn_train::learner::epoch: Iteration 21    
2024-01-17T09:27:25.476072Z  INFO burn_train::learner::epoch: Iteration 22    
2024-01-17T09:27:26.229669Z  INFO burn_train::learner::epoch: Iteration 23    
2024-01-17T09:27:26.977966Z  INFO burn_train::learner::epoch: Iteration 24    
2024-01-17T09:27:27.733208Z  INFO burn_train::learner::epoch: Iteration 25    
2024-01-17T09:27:27.948334Z  INFO burn_compute::tune::tuner: Benchmark result burn_wgpu::kernel::matmul::tune::base::MemoryCoalescingMatmulDefault<f32, 2>-Matmul - Round:false Broadcast:false m:64 k:1024 n:1024 batch:1 => 
―――――――― Result ―――――――――
  Samples     10
  Mean        3.316ms
  Variance    8.000ns
  Median      3.270ms
  Min         3.225ms
  Max         3.509ms
―――――――――――――――――――――――――    
2024-01-17T09:27:27.948451Z  INFO burn_compute::tune::tuner: Benchmark result burn_wgpu::kernel::matmul::tune::base::MemoryCoalescingMatmulW16x16<f32, 2>-Matmul - Round:false Broadcast:false m:64 k:1024 n:1024 batch:1 => 
―――――――― Result ―――――――――
  Samples     10
  Mean        3.646ms
  Variance    18.000ns
  Median      3.676ms
  Min         3.466ms
  Max         3.886ms
―――――――――――――――――――――――――    
2024-01-17T09:27:27.948509Z  INFO burn_compute::tune::tuner: Benchmark result burn_wgpu::kernel::matmul::tune::base::Vec4TilingMatmulDefault<f32, 2>-Matmul - Round:false Broadcast:false m:64 k:1024 n:1024 batch:1 => 
―――――――― Result ―――――――――
  Samples     10
  Mean        3.258ms
  Variance    353.000ns
  Median      3.157ms
  Min         2.753ms
  Max         4.733ms
―――――――――――――――――――――――――    
2024-01-17T09:27:27.948540Z  INFO burn_compute::tune::tuner: Benchmark result burn_wgpu::kernel::matmul::tune::base::Vec4TilingMatmulUnpaddedDefault<f32, 2>-Matmul - Round:false Broadcast:false m:64 k:1024 n:1024 batch:1 => 
―――――――― Result ―――――――――
  Samples     10
  Mean        2.141ms
  Variance    0.000ns
  Median      2.141ms
  Min         2.122ms
  Max         2.163ms
―――――――――――――――――――――――――    
2024-01-17T09:27:27.948568Z  INFO burn_compute::tune::tuner: Benchmark result burn_wgpu::kernel::matmul::tune::base::Vec4LhsOnlyTilingMatmulDefault<f32, 2>-Matmul - Round:false Broadcast:false m:64 k:1024 n:1024 batch:1 => 
―――――――― Result ―――――――――
  Samples     10
  Mean        3.181ms
  Variance    353.000ns
  Median      3.177ms
  Min         2.702ms
  Max         4.552ms
―――――――――――――――――――――――――    
2024-01-17T09:27:27.948634Z  INFO burn_compute::tune::tuner: Fastest result burn_wgpu::kernel::matmul::tune::base::Vec4TilingMatmulUnpaddedDefault<f32, 2>-Matmul - Round:false Broadcast:false m:64 k:1024 n:1024 batch:1    
2024-01-17T09:27:28.218431Z  INFO burn_compute::tune::tuner: Benchmark result burn_wgpu::kernel::matmul::tune::base::MemoryCoalescingMatmulDefault<f32, 2>-Matmul - Round:false Broadcast:false m:1024 k:64 n:1024 batch:1 => 
―――――――― Result ―――――――――
  Samples     10
  Mean        4.358ms
  Variance    151.000ns
  Median      4.502ms
  Min         3.197ms
  Max         4.519ms
―――――――――――――――――――――――――    
2024-01-17T09:27:28.218507Z  INFO burn_compute::tune::tuner: Benchmark result burn_wgpu::kernel::matmul::tune::base::MemoryCoalescingMatmulW16x16<f32, 2>-Matmul - Round:false Broadcast:false m:1024 k:64 n:1024 batch:1 => 
―――――――― Result ―――――――――
  Samples     10
  Mean        5.462ms
  Variance    496.000ns
  Median      5.373ms
  Min         4.720ms
  Max         6.520ms
―――――――――――――――――――――――――    
2024-01-17T09:27:28.218547Z  INFO burn_compute::tune::tuner: Benchmark result burn_wgpu::kernel::matmul::tune::base::Vec4TilingMatmulDefault<f32, 2>-Matmul - Round:false Broadcast:false m:1024 k:64 n:1024 batch:1 => 
―――――――― Result ―――――――――
  Samples     10
  Mean        4.839ms
  Variance    52.000ns
  Median      4.971ms
  Min         4.404ms
  Max         5.102ms
―――――――――――――――――――――――――    
2024-01-17T09:27:28.218584Z  INFO burn_compute::tune::tuner: Benchmark result burn_wgpu::kernel::matmul::tune::base::Vec4TilingMatmulUnpaddedDefault<f32, 2>-Matmul - Round:false Broadcast:false m:1024 k:64 n:1024 batch:1 => 
―――――――― Result ―――――――――
  Samples     10
  Mean        2.433ms
  Variance    258.000ns
  Median      2.173ms
  Min         2.071ms
  Max         3.440ms
―――――――――――――――――――――――――    
2024-01-17T09:27:28.218619Z  INFO burn_compute::tune::tuner: Benchmark result burn_wgpu::kernel::matmul::tune::base::Vec4LhsOnlyTilingMatmulDefault<f32, 2>-Matmul - Round:false Broadcast:false m:1024 k:64 n:1024 batch:1 => 
―――――――― Result ―――――――――
  Samples     10
  Mean        5.246ms
  Variance    304.000ns
  Median      4.978ms
  Min         4.572ms
  Max         6.179ms
―――――――――――――――――――――――――    
2024-01-17T09:27:28.218694Z  INFO burn_compute::tune::tuner: Fastest result burn_wgpu::kernel::matmul::tune::base::Vec4TilingMatmulUnpaddedDefault<f32, 2>-Matmul - Round:false Broadcast:false m:1024 k:64 n:1024 batch:1    
2024-01-17T09:27:29.883786Z  INFO burn_compute::tune::tuner: Benchmark result burn_wgpu::kernel::reduce::tune::sum_dim::SumDimAutotune<f32, 2>-Reduce - reduce_dim_length: 524288 others_product: 16 => 
―――――――― Result ―――――――――
  Samples     10
  Mean        115.350ms
  Variance    823.000ns
  Median      115.128ms
  Min         113.969ms
  Max         116.992ms
―――――――――――――――――――――――――    
2024-01-17T09:27:29.883901Z  INFO burn_compute::tune::tuner: Benchmark result burn_wgpu::kernel::reduce::tune::sum_dim::SumDimSharedMemoryAutotune<f32, 2>-Reduce - reduce_dim_length: 524288 others_product: 16 => 
―――――――― Result ―――――――――
  Samples     10
  Mean        3.333ms
  Variance    727.000ns
  Median      3.213ms
  Min         2.444ms
  Max         5.493ms
―――――――――――――――――――――――――    
2024-01-17T09:27:29.883957Z  INFO burn_compute::tune::tuner: Fastest result burn_wgpu::kernel::reduce::tune::sum_dim::SumDimSharedMemoryAutotune<f32, 2>-Reduce - reduce_dim_length: 524288 others_product: 16    
2024-01-17T09:27:30.097968Z  INFO burn_train::learner::epoch: Iteration 26    
2024-01-17T09:27:30.873689Z  INFO burn_train::learner::epoch: Iteration 27    
2024-01-17T09:27:31.582331Z  INFO burn_train::learner::epoch: Iteration 28    
2024-01-17T09:27:32.331389Z  INFO burn_train::learner::epoch: Executing validation step for epoch 1    
2024-01-17T09:27:35.920579Z  INFO burn_train::learner::epoch: Executing training step for epoch 2    
2024-01-17T09:27:35.920591Z  INFO burn_train::checkpoint::file: Saving checkpoint 1 to ./train/checkpoint/optim-1    
2024-01-17T09:27:35.920579Z  INFO burn_train::checkpoint::file: Saving checkpoint 1 to ./train/checkpoint/model-1    
2024-01-17T09:27:35.920595Z  INFO burn_train::checkpoint::file: Saving checkpoint 1 to ./train/checkpoint/scheduler-1    
2024-01-17T09:27:36.288620Z  INFO burn_train::learner::epoch: Iteration 1    
2024-01-17T09:27:37.355576Z ERROR burn_train::learner::log: PANIC => panicked at /Users/hangyeonghyeon/.cargo/registry/src/index.crates.io-6f17d22bba15001f/burn-train-0.11.1/src/renderer/tui/progress.rs:179:21:
attempt to subtract with overflow    
